# JRE version: OpenJDK Runtime Environment (11.0.10) (build 11.0.10+0-b96-7249189)
# Java VM: OpenJDK 64-Bit Server VM (11.0.10+0-b96-7249189, mixed mode, tiered, compressed oops, g1 gc, windows-amd64)
Heap:
 garbage-first heap   total 233472K, used 104381K [0x0000000080000000, 0x0000000100000000)
  region size 1024K, 46 young (47104K), 15 survivors (15360K)
 Metaspace       used 85560K, capacity 87643K, committed 87928K, reserved 1126400K
  class space    used 11117K, capacity 11852K, committed 11904K, reserved 1048576K
GC Heap History (20 events):
Event: 1.932 GC heap before
{Heap before GC invocations=2 (full 0):
 garbage-first heap   total 194560K, used 51054K [0x0000000080000000, 0x0000000100000000)
  region size 1024K, 43 young (44032K), 2 survivors (2048K)
 Metaspace       used 10916K, capacity 11191K, committed 11264K, reserved 1058816K
  class space    used 1148K, capacity 1246K, committed 1280K, reserved 1048576K
}
Event: 1.937 GC heap after
{Heap after GC invocations=3 (full 0):
 garbage-first heap   total 194560K, used 13631K [0x0000000080000000, 0x0000000100000000)
  region size 1024K, 6 young (6144K), 6 survivors (6144K)
 Metaspace       used 10916K, capacity 11191K, committed 11264K, reserved 1058816K
  class space    used 1148K, capacity 1246K, committed 1280K, reserved 1048576K
}
Event: 4.431 GC heap before
{Heap before GC invocations=3 (full 0):
 garbage-first heap   total 194560K, used 65855K [0x0000000080000000, 0x0000000100000000)
  region size 1024K, 58 young (59392K), 6 survivors (6144K)
 Metaspace       used 20534K, capacity 21072K, committed 21248K, reserved 1067008K
  class space    used 2488K, capacity 2697K, committed 2816K, reserved 1048576K
}
Event: 4.441 GC heap after
{Heap after GC invocations=4 (full 0):
 garbage-first heap   total 194560K, used 16471K [0x0000000080000000, 0x0000000100000000)
  region size 1024K, 4 young (4096K), 4 survivors (4096K)
 Metaspace       used 20534K, capacity 21072K, committed 21248K, reserved 1067008K
  class space    used 2488K, capacity 2697K, committed 2816K, reserved 1048576K
}
Event: 5.616 GC heap before
{Heap before GC invocations=5 (full 0):
 garbage-first heap   total 194560K, used 87127K [0x0000000080000000, 0x0000000100000000)
  region size 1024K, 68 young (69632K), 4 survivors (4096K)
 Metaspace       used 26908K, capacity 27658K, committed 27904K, reserved 1073152K
  class space    used 3535K, capacity 3804K, committed 3840K, reserved 1048576K
}
Event: 5.628 GC heap after
{Heap after GC invocations=6 (full 0):
 garbage-first heap   total 194560K, used 24622K [0x0000000080000000, 0x0000000100000000)
  region size 1024K, 7 young (7168K), 7 survivors (7168K)
 Metaspace       used 26908K, capacity 27658K, committed 27904K, reserved 1073152K
  class space    used 3535K, capacity 3804K, committed 3840K, reserved 1048576K
}
Event: 6.642 GC heap before
{Heap before GC invocations=6 (full 0):
 garbage-first heap   total 194560K, used 72750K [0x0000000080000000, 0x0000000100000000)
  region size 1024K, 55 young (56320K), 7 survivors (7168K)
 Metaspace       used 34649K, capacity 35596K, committed 35840K, reserved 1081344K
  class space    used 4514K, capacity 4854K, committed 4864K, reserved 1048576K
}
Event: 6.656 GC heap after
{Heap after GC invocations=7 (full 0):
 garbage-first heap   total 194560K, used 28035K [0x0000000080000000, 0x0000000100000000)
  region size 1024K, 10 young (10240K), 10 survivors (10240K)
 Metaspace       used 34649K, capacity 35596K, committed 35840K, reserved 1081344K
  class space    used 4514K, capacity 4854K, committed 4864K, reserved 1048576K
}
Event: 8.620 GC heap before
{Heap before GC invocations=8 (full 0):
 garbage-first heap   total 194560K, used 137603K [0x0000000080000000, 0x0000000100000000)
  region size 1024K, 114 young (116736K), 10 survivors (10240K)
 Metaspace       used 43565K, capacity 44743K, committed 44928K, reserved 1087488K
  class space    used 5563K, capacity 5979K, committed 6016K, reserved 1048576K
}
Event: 8.643 GC heap after
{Heap after GC invocations=9 (full 0):
 garbage-first heap   total 194560K, used 33981K [0x0000000080000000, 0x0000000100000000)
  region size 1024K, 13 young (13312K), 13 survivors (13312K)
 Metaspace       used 43565K, capacity 44743K, committed 44928K, reserved 1087488K
  class space    used 5563K, capacity 5979K, committed 6016K, reserved 1048576K
}
Event: 11.061 GC heap before
{Heap before GC invocations=9 (full 0):
 garbage-first heap   total 194560K, used 141501K [0x0000000080000000, 0x0000000100000000)
  region size 1024K, 114 young (116736K), 13 survivors (13312K)
 Metaspace       used 51551K, capacity 53085K, committed 53248K, reserved 1095680K
  class space    used 6562K, capacity 7091K, committed 7168K, reserved 1048576K
}
Event: 11.085 GC heap after
{Heap after GC invocations=10 (full 0):
 garbage-first heap   total 194560K, used 47104K [0x0000000080000000, 0x0000000100000000)
  region size 1024K, 15 young (15360K), 15 survivors (15360K)
 Metaspace       used 51551K, capacity 53085K, committed 53248K, reserved 1095680K
  class space    used 6562K, capacity 7091K, committed 7168K, reserved 1048576K
}
Event: 12.234 GC heap before
{Heap before GC invocations=10 (full 0):
 garbage-first heap   total 194560K, used 88064K [0x0000000080000000, 0x0000000100000000)
  region size 1024K, 56 young (57344K), 15 survivors (15360K)
 Metaspace       used 58324K, capacity 59839K, committed 59904K, reserved 1101824K
  class space    used 7397K, capacity 7930K, committed 7936K, reserved 1048576K
}
Event: 12.266 GC heap after
{Heap after GC invocations=11 (full 0):
 garbage-first heap   total 194560K, used 51145K [0x0000000080000000, 0x0000000100000000)
  region size 1024K, 4 young (4096K), 4 survivors (4096K)
 Metaspace       used 58324K, capacity 59839K, committed 59904K, reserved 1101824K
  class space    used 7397K, capacity 7930K, committed 7936K, reserved 1048576K
}
Event: 13.964 GC heap before
{Heap before GC invocations=12 (full 0):
 garbage-first heap   total 194560K, used 138185K [0x0000000080000000, 0x0000000100000000)
  region size 1024K, 89 young (91136K), 4 survivors (4096K)
 Metaspace       used 64546K, capacity 66216K, committed 66424K, reserved 1107968K
  class space    used 8232K, capacity 8827K, committed 8832K, reserved 1048576K
}
Event: 13.987 GC heap after
{Heap after GC invocations=13 (full 0):
 garbage-first heap   total 233472K, used 56778K [0x0000000080000000, 0x0000000100000000)
  region size 1024K, 10 young (10240K), 10 survivors (10240K)
 Metaspace       used 64546K, capacity 66216K, committed 66424K, reserved 1107968K
  class space    used 8232K, capacity 8827K, committed 8832K, reserved 1048576K
}
Event: 132.318 GC heap before
{Heap before GC invocations=14 (full 0):
 garbage-first heap   total 233472K, used 165322K [0x0000000080000000, 0x0000000100000000)
  region size 1024K, 116 young (118784K), 10 survivors (10240K)
 Metaspace       used 76271K, capacity 78204K, committed 78328K, reserved 1118208K
  class space    used 9744K, capacity 10447K, committed 10496K, reserved 1048576K
}
Event: 132.343 GC heap after
{Heap after GC invocations=15 (full 0):
 garbage-first heap   total 233472K, used 65054K [0x0000000080000000, 0x0000000100000000)
  region size 1024K, 15 young (15360K), 15 survivors (15360K)
 Metaspace       used 76271K, capacity 78204K, committed 78328K, reserved 1118208K
  class space    used 9744K, capacity 10447K, committed 10496K, reserved 1048576K
}
Event: 136.119 GC heap before
{Heap before GC invocations=15 (full 0):
 garbage-first heap   total 233472K, used 171550K [0x0000000080000000, 0x0000000100000000)
  region size 1024K, 119 young (121856K), 15 survivors (15360K)
 Metaspace       used 85197K, capacity 87239K, committed 87416K, reserved 1124352K
  class space    used 11065K, capacity 11802K, committed 11904K, reserved 1048576K
}
Event: 136.149 GC heap after
{Heap after GC invocations=16 (full 0):
 garbage-first heap   total 233472K, used 73661K [0x0000000080000000, 0x0000000100000000)
  region size 1024K, 15 young (15360K), 15 survivors (15360K)
 Metaspace       used 85197K, capacity 87239K, committed 87416K, reserved 1124352K
  class space    used 11065K, capacity 11802K, committed 11904K, reserved 1048576K
}

